<?xml version="1.0" encoding="UTF-8"?>
<testsuite xmlns:xsi="http://www.w3.org/2001/XMLSchema-instance" xsi:noNamespaceSchemaLocation="https://maven.apache.org/surefire/maven-surefire-plugin/xsd/surefire-test-report.xsd" version="3.0.2" name="com.dcl.modern.CountryIntegrationTest" time="0.009" tests="1" errors="0" skipped="1" failures="0">
  <properties/>
  <testcase name="createAndListCountries" classname="com.dcl.modern.CountryIntegrationTest" time="0.0">
    <skipped message="disabledWithoutDocker is true and Docker is not available"/>
    <system-out><![CDATA[16:20:08.903 [main] INFO org.testcontainers.DockerClientFactory -- Testcontainers version: 1.20.5
16:20:09.468 [main] INFO org.testcontainers.dockerclient.DockerMachineClientProviderStrategy -- docker-machine executable was not found on PATH ([C:\Users\IVANIN\bin, C:\Program Files\Git\mingw64\bin, C:\Program Files\Git\usr\local\bin, C:\Program Files\Git\usr\bin, C:\Program Files\Git\usr\bin, C:\Program Files\Git\mingw64\bin, C:\Program Files\Git\usr\bin, C:\Users\IVANIN\bin, C:\Program Files (x86)\Common Files\Oracle\Java\java8path, C:\Program Files (x86)\Common Files\Oracle\Java\javapath, C:\Program Files\Eclipse Adoptium\jdk-21.0.6.7-hotspot\bin, C:\Program Files\Eclipse Adoptium\jdk-11.0.26.4-hotspot\bin, C:\Python313\Scripts, C:\Python313, C:\Windows\system32, C:\Windows, C:\Windows\System32\Wbem, C:\Windows\System32\WindowsPowerShell\v1.0, C:\Windows\System32\OpenSSH, C:\Program Files (x86)\NVIDIA Corporation\PhysX\Common, C:\Users\IVANIN\AppData\Local\Programs\cursor\resources\app\bin, C:\Program Files\Git\cmd, C:\Program Files\nodejs, C:\ProgramData\chocolatey\bin, C:\Program Files (x86)\Subversion\bin, C:\Program Files\cursor\resources\app\bin, C:\ProgramData\chocolatey\lib\maven\apache-maven-3.9.11\bin, C:\Program Files (x86)\nodejs, C:\Program Files (x86)\Sontheim\SiEJ2534, C:\Program Files (x86)\Sontheim\MT_Api, C:\Program Files (x86)\Sontheim\MT_Api, C:\Program Files (x86)\Service ADVISOR\Sontheim, C:\tools\php84, C:\ProgramData\ComposerSetup\bin, C:\Program Files\dotnet, C:\Program Files\PuTTY\C, C:\Program Files\Git\Program Files (x86)\Migration Firebird, C:\Program Files\PowerShell\7, C:\Program Files\Docker\Docker\resources\bin, C:\Users\IVANIN\AppData\Local\Microsoft\WindowsApps, C:\Users\IVANIN\AppData\Local\Programs\Microsoft VS Code\bin, C:\Users\IVANIN\AppData\Local\Programs\Kiro\bin, C:\Users\IVANIN\AppData\Roaming\npm, C:\Program Files (x86)\Subversion\bin, C:\Users\IVANIN\AppData\Local\Programs\Qoder\bin, C:\Users\IVANIN\AppData\Local\Programs\Ollama, C:\Users\IVANIN\AppData\Roaming\Programs\Zero Install, C:\Users\IVANIN\AppData\Roaming\Composer\vendor\bin, C:\Users\IVANIN\AppData\Local\Microsoft\WinGet\Links, C:\Users\IVANIN\.dotnet\tools, C:\Users\IVANIN\AppData\Local\Programs\Antigravity\bin, C:\Program Files\Git\usr\bin\vendor_perl, C:\Program Files\Git\usr\bin\core_perl])
16:20:09.470 [main] ERROR org.testcontainers.dockerclient.DockerClientProviderStrategy -- Could not find a valid Docker environment. Please check configuration. Attempted configurations were:
	NpipeSocketClientProviderStrategy: failed with exception BadRequestException (Status 400: {"ID":"","Containers":0,"ContainersRunning":0,"ContainersPaused":0,"ContainersStopped":0,"Images":0,"Driver":"","DriverStatus":null,"Plugins":{"Volume":null,"Network":null,"Authorization":null,"Log":null},"MemoryLimit":false,"SwapLimit":false,"CpuCfsPeriod":false,"CpuCfsQuota":false,"CPUShares":false,"CPUSet":false,"PidsLimit":false,"IPv4Forwarding":false,"Debug":false,"NFd":0,"OomKillDisable":false,"NGoroutines":0,"SystemTime":"","LoggingDriver":"","CgroupDriver":"","NEventsListener":0,"KernelVersion":"","OperatingSystem":"","OSVersion":"","OSType":"","Architecture":"","IndexServerAddress":"","RegistryConfig":null,"NCPU":0,"MemTotal":0,"GenericResources":null,"DockerRootDir":"","HttpProxy":"","HttpsProxy":"","NoProxy":"","Name":"","Labels":["com.docker.desktop.address=npipe://\\\\.\\pipe\\docker_cli"],"ExperimentalBuild":false,"ServerVersion":"","Runtimes":null,"DefaultRuntime":"","Swarm":{"NodeID":"","NodeAddr":"","LocalNodeState":"","ControlAvailable":false,"Error":"","RemoteManagers":null},"LiveRestoreEnabled":false,"Isolation":"","InitBinary":"","ContainerdCommit":{"ID":""},"RuncCommit":{"ID":""},"InitCommit":{"ID":""},"SecurityOptions":null,"CDISpecDirs":null,"Warnings":null})As no valid configuration was found, execution cannot continue.
See https://java.testcontainers.org/on_failure.html for more details.
]]></system-out>
  </testcase>
</testsuite>